load freetype
initialize memory
initialize sdl
Color LCD
initialize opengl
GLSL 4.10
initialize openal
initialize freetype
initialize shadermanager
initialize graphics
initialize frametime
load applications/appManager
1580
load applications/apps/morpion/morpion
load applications/artwork/circles
load applications/artwork/density
switch applications/appManager
switch applications/apps/morpion/morpion
switch applications/artwork/circles
switch applications/artwork/density
load applications/artwork/dots
load applications/artwork/electric
load applications/artwork/firework
load applications/artwork/lines
load applications/artwork/particles
load applications/artwork/phyllotaxis
load applications/artwork/snowflakes
load applications/artwork/superformula
load applications/artwork/tron
load applications/default
load applications/demo/animation/animation
load applications/demo/dashboard
load applications/demo/graph
load applications/demo/introspection/introspection
load applications/demo/ui/ui
new color : color{r=1, g=0, b=0, a=1}
load applications/font/fonts
load applications/font/icons font
load applications/physics/fizix
load applications/physics/physics2d
load applications/physics/physics3d
load applications/sketches2D/blendMode
load applications/sketches2D/canevas
load applications/sketches2D/chaos
load applications/sketches2D/collatz
load applications/sketches2D/compteur
load applications/sketches2D/courbes
load applications/sketches2D/dithering
load applications/sketches2D/fluid
load applications/sketches2D/forme
load applications/sketches2D/fourier
load applications/sketches2D/fractal tree
load applications/sketches2D/galactic
load applications/sketches2D/gol
560.8
load applications/sketches2D/graphics2d
1580
load applications/sketches2D/horloge
load applications/sketches2D/logo
load applications/sketches2D/mandelbrot
load applications/sketches2D/maze
load applications/sketches2D/mode
load applications/sketches2D/pi
load applications/sketches2D/primitives
load applications/sketches2D/reaction diffusion
load applications/sketches2D/rose
load applications/sketches2D/sandpiles
load applications/sketches2D/sparrows
load applications/sketches2D/squaregrid
load applications/sketches2D/stars
load applications/sketches2D/surface
compile surface
getOS() => osx
